2019-06-27 09:52:41.273 INFO   [,]  [main] o.s.c.s.PostProcessorRegistrationDelegate$BeanPostProcessorChecker: - Bean 'org.springframework.cloud.autoconfigure.ConfigurationPropertiesRebinderAutoConfiguration' of type [org.springframework.cloud.autoconfigure.ConfigurationPropertiesRebinderAutoConfiguration$$EnhancerBySpringCGLIB$$eab02ca9] is not eligible for getting processed by all BeanPostProcessors (for example: not eligible for auto-proxying)
2019-06-27 09:52:42.607 INFO   [,]  [main] c.z.s.o.DemoOrderCenterProviderApplicationTests: - The following profiles are active: dev
2019-06-27 09:52:43.718 WARN   [,]  [main] o.s.boot.actuate.endpoint.EndpointId: - Endpoint ID 'service-registry' contains invalid characters, please migrate to a valid format.
2019-06-27 09:52:44.137 INFO   [,]  [main] o.s.cloud.context.scope.GenericScope: - BeanFactory id=8e172b45-7c8f-3899-8ecc-f4814d64e086
2019-06-27 09:52:44.402 INFO   [,]  [main] o.s.c.s.PostProcessorRegistrationDelegate$BeanPostProcessorChecker: - Bean 'org.springframework.transaction.annotation.ProxyTransactionManagementConfiguration' of type [org.springframework.transaction.annotation.ProxyTransactionManagementConfiguration$$EnhancerBySpringCGLIB$$ce9629ac] is not eligible for getting processed by all BeanPostProcessors (for example: not eligible for auto-proxying)
2019-06-27 09:52:44.459 INFO   [,]  [main] o.s.c.s.PostProcessorRegistrationDelegate$BeanPostProcessorChecker: - Bean 'org.springframework.cloud.autoconfigure.ConfigurationPropertiesRebinderAutoConfiguration' of type [org.springframework.cloud.autoconfigure.ConfigurationPropertiesRebinderAutoConfiguration$$EnhancerBySpringCGLIB$$eab02ca9] is not eligible for getting processed by all BeanPostProcessors (for example: not eligible for auto-proxying)
2019-06-27 09:52:45.694 INFO   [,]  [main] com.zaxxer.hikari.HikariDataSource: - HikariPool-1 - Starting...
2019-06-27 09:52:45.974 INFO   [,]  [main] com.zaxxer.hikari.HikariDataSource: - HikariPool-1 - Start completed.
2019-06-27 09:52:46.830 WARN   [,]  [main] c.n.c.sources.URLConfigurationSource: - No URLs will be polled as dynamic configuration sources.
2019-06-27 09:52:46.832 INFO   [,]  [main] c.n.c.sources.URLConfigurationSource: - To enable URLs as dynamic configuration sources, define System property archaius.configurationSource.additionalUrls or make config.properties available on classpath.
2019-06-27 09:52:46.850 WARN   [,]  [main] c.n.c.sources.URLConfigurationSource: - No URLs will be polled as dynamic configuration sources.
2019-06-27 09:52:46.852 INFO   [,]  [main] c.n.c.sources.URLConfigurationSource: - To enable URLs as dynamic configuration sources, define System property archaius.configurationSource.additionalUrls or make config.properties available on classpath.
2019-06-27 09:52:47.974 INFO   [,]  [main] o.s.s.c.ThreadPoolTaskExecutor: - Initializing ExecutorService 'applicationTaskExecutor'
2019-06-27 09:52:54.258 WARN   [,]  [main] o.s.c.n.core.CoreAutoConfiguration: - This module is deprecated. It will be removed in the next major release. Please use spring-cloud-netflix-hystrix instead.
2019-06-27 09:52:54.348 INFO   [,]  [main] o.s.b.a.e.web.EndpointLinksResolver: - Exposing 2 endpoint(s) beneath base path '/actuator'
2019-06-27 09:52:54.476 INFO   [,]  [main] c.z.s.o.DemoOrderCenterProviderApplicationTests: - Started DemoOrderCenterProviderApplicationTests in 15.083 seconds (JVM running for 16.026)
2019-06-27 09:52:55.027 INFO   [,]  [Thread-6] o.s.c.n.eureka.InstanceInfoFactory: - Setting initial instance status as: STARTING
2019-06-27 09:52:55.036 INFO   [,]  [Thread-6] o.s.c.n.e.s.EurekaServiceRegistry: - Unregistering application DEMO-ORDER-CENTER with eureka with status DOWN
2019-06-27 09:52:55.058 INFO   [,]  [Thread-6] o.s.s.c.ThreadPoolTaskExecutor: - Shutting down ExecutorService 'applicationTaskExecutor'
2019-06-27 09:52:55.065 INFO   [,]  [Thread-6] com.zaxxer.hikari.HikariDataSource: - HikariPool-1 - Shutdown initiated...
2019-06-27 09:52:55.077 INFO   [,]  [Thread-6] com.zaxxer.hikari.HikariDataSource: - HikariPool-1 - Shutdown completed.
